RoomScout/app/build/intermediates/manifest_merge_blame_file/debug/manifest-merger-blame-debug-report.txt
1<?xml version="1.0" encoding="utf-8"?>
2<manifest xmlns:android="http://schemas.android.com/apk/res/android"
3    package="com.example.roomscout"
4    android:versionCode="1"
5    android:versionName="1.0" >
6
7    <uses-sdk
8        android:minSdkVersion="26"
8-->src\main\AndroidManifest.xml
9        android:targetSdkVersion="32" />
9-->src\main\AndroidManifest.xml
10    <!-- Permisos necesarios para integrar a google maps -->
11    <uses-permission android:name="android.permission.INTERNET" />
11-->src\main\AndroidManifest.xml:5:5-67
11-->src\main\AndroidManifest.xml:5:22-64
12    <uses-permission android:name="android.permission.ACCESS_FINE_LOCATION" />
12-->src\main\AndroidManifest.xml:6:5-79
12-->src\main\AndroidManifest.xml:6:22-76
13    <uses-permission android:name="android.hardware.location.gps" />
13-->src\main\AndroidManifest.xml:7:5-69
13-->src\main\AndroidManifest.xml:7:22-66
14    <uses-permission android:name="android.permission.WRITE_EXTERNAL_STORAGE" />
14-->src\main\AndroidManifest.xml:8:5-81
14-->src\main\AndroidManifest.xml:8:22-78
15    <uses-permission android:name="android.permission.ACCESS_NETWORK_STATE" />
15-->src\main\AndroidManifest.xml:9:5-79
15-->src\main\AndroidManifest.xml:9:22-76
16
17    <uses-feature
17-->[com.google.android.gms:play-services-maps:18.1.0] AndroidManifest.xml:26:5-28:35
18        android:glEsVersion="0x00020000"
18-->[com.google.android.gms:play-services-maps:18.1.0] AndroidManifest.xml:27:9-41
19        android:required="true" />
19-->[com.google.android.gms:play-services-maps:18.1.0] AndroidManifest.xml:28:9-32
20
21    <queries>
21-->[com.google.android.gms:play-services-maps:18.1.0] AndroidManifest.xml:30:5-34:15
22
23        <!-- Needs to be explicitly declared on Android R+ -->
24        <package android:name="com.google.android.apps.maps" />
24-->[com.google.android.gms:play-services-maps:18.1.0] AndroidManifest.xml:33:9-64
24-->[com.google.android.gms:play-services-maps:18.1.0] AndroidManifest.xml:33:18-61
25    </queries>
26
27    <permission
27-->[androidx.core:core:1.9.0] AndroidManifest.xml:22:5-24:47
28        android:name="com.example.roomscout.DYNAMIC_RECEIVER_NOT_EXPORTED_PERMISSION"
28-->[androidx.core:core:1.9.0] AndroidManifest.xml:23:9-81
29        android:protectionLevel="signature" />
29-->[androidx.core:core:1.9.0] AndroidManifest.xml:24:9-44
30
31    <uses-permission android:name="com.example.roomscout.DYNAMIC_RECEIVER_NOT_EXPORTED_PERMISSION" />
31-->[androidx.core:core:1.9.0] AndroidManifest.xml:26:5-97
31-->[androidx.core:core:1.9.0] AndroidManifest.xml:26:22-94
32
33    <application
33-->src\main\AndroidManifest.xml:11:5-134:19
34        android:allowBackup="true"
34-->src\main\AndroidManifest.xml:12:9-35
35        android:appComponentFactory="androidx.core.app.CoreComponentFactory"
35-->[androidx.core:core:1.9.0] AndroidManifest.xml:28:18-86
36        android:dataExtractionRules="@xml/data_extraction_rules"
36-->src\main\AndroidManifest.xml:13:9-65
37        android:debuggable="true"
38        android:extractNativeLibs="false"
39        android:fullBackupContent="@xml/backup_rules"
39-->src\main\AndroidManifest.xml:14:9-54
40        android:icon="@mipmap/ic_launcher"
40-->src\main\AndroidManifest.xml:15:9-43
41        android:label="@string/app_name"
41-->src\main\AndroidManifest.xml:16:9-41
42        android:roundIcon="@mipmap/ic_launcher_round"
42-->src\main\AndroidManifest.xml:17:9-54
43        android:supportsRtl="true"
43-->src\main\AndroidManifest.xml:18:9-35
44        android:testOnly="true"
45        android:theme="@style/MyTheme" >
45-->src\main\AndroidManifest.xml:19:9-39
46        <activity
46-->src\main\AndroidManifest.xml:22:9-28:20
47            android:name="rsHoteles.FavsActivity"
47-->src\main\AndroidManifest.xml:23:13-50
48            android:exported="false" >
48-->src\main\AndroidManifest.xml:24:13-37
49            <meta-data
49-->src\main\AndroidManifest.xml:25:13-27:36
50                android:name="android.app.lib_name"
50-->src\main\AndroidManifest.xml:26:17-52
51                android:value="" />
51-->src\main\AndroidManifest.xml:27:17-33
52        </activity>
53        <activity
53-->src\main\AndroidManifest.xml:29:9-35:20
54            android:name="rsAdmin.AdminEditActivity"
54-->src\main\AndroidManifest.xml:30:13-53
55            android:exported="false" >
55-->src\main\AndroidManifest.xml:31:13-37
56            <meta-data
56-->src\main\AndroidManifest.xml:25:13-27:36
57                android:name="android.app.lib_name"
57-->src\main\AndroidManifest.xml:26:17-52
58                android:value="" />
58-->src\main\AndroidManifest.xml:27:17-33
59        </activity>
60        <activity
60-->src\main\AndroidManifest.xml:36:9-42:20
61            android:name="rsAdmin.AdminAllBookingsActivity"
61-->src\main\AndroidManifest.xml:37:13-60
62            android:exported="false" >
62-->src\main\AndroidManifest.xml:38:13-37
63            <meta-data
63-->src\main\AndroidManifest.xml:25:13-27:36
64                android:name="android.app.lib_name"
64-->src\main\AndroidManifest.xml:26:17-52
65                android:value="" />
65-->src\main\AndroidManifest.xml:27:17-33
66        </activity>
67        <activity
67-->src\main\AndroidManifest.xml:43:9-49:20
68            android:name="rsAdmin.AdminUsersActivity"
68-->src\main\AndroidManifest.xml:44:13-54
69            android:exported="false" >
69-->src\main\AndroidManifest.xml:45:13-37
70            <meta-data
70-->src\main\AndroidManifest.xml:25:13-27:36
71                android:name="android.app.lib_name"
71-->src\main\AndroidManifest.xml:26:17-52
72                android:value="" />
72-->src\main\AndroidManifest.xml:27:17-33
73        </activity>
74        <activity
74-->src\main\AndroidManifest.xml:50:9-56:20
75            android:name="rsAdmin.AdminAddUserActivity"
75-->src\main\AndroidManifest.xml:51:13-56
76            android:exported="false" >
76-->src\main\AndroidManifest.xml:52:13-37
77            <meta-data
77-->src\main\AndroidManifest.xml:25:13-27:36
78                android:name="android.app.lib_name"
78-->src\main\AndroidManifest.xml:26:17-52
79                android:value="" />
79-->src\main\AndroidManifest.xml:27:17-33
80        </activity>
81        <activity
81-->src\main\AndroidManifest.xml:57:9-63:20
82            android:name="rsAdmin.AdminListActivity"
82-->src\main\AndroidManifest.xml:58:13-53
83            android:exported="false" >
83-->src\main\AndroidManifest.xml:59:13-37
84            <meta-data
84-->src\main\AndroidManifest.xml:25:13-27:36
85                android:name="android.app.lib_name"
85-->src\main\AndroidManifest.xml:26:17-52
86                android:value="" />
86-->src\main\AndroidManifest.xml:27:17-33
87        </activity>
88        <activity
88-->src\main\AndroidManifest.xml:64:9-70:20
89            android:name="rsAdmin.AdminMainActivity"
89-->src\main\AndroidManifest.xml:65:13-53
90            android:exported="false" >
90-->src\main\AndroidManifest.xml:66:13-37
91            <meta-data
91-->src\main\AndroidManifest.xml:25:13-27:36
92                android:name="android.app.lib_name"
92-->src\main\AndroidManifest.xml:26:17-52
93                android:value="" />
93-->src\main\AndroidManifest.xml:27:17-33
94        </activity>
95        <activity
95-->src\main\AndroidManifest.xml:71:9-77:20
96            android:name="rsAdmin.AdminInsertActivity"
96-->src\main\AndroidManifest.xml:72:13-55
97            android:exported="false" >
97-->src\main\AndroidManifest.xml:73:13-37
98            <meta-data
98-->src\main\AndroidManifest.xml:25:13-27:36
99                android:name="android.app.lib_name"
99-->src\main\AndroidManifest.xml:26:17-52
100                android:value="" />
100-->src\main\AndroidManifest.xml:27:17-33
101        </activity>
102        <activity
102-->src\main\AndroidManifest.xml:78:9-84:20
103            android:name="rsReservas.AllBookingsActivity"
103-->src\main\AndroidManifest.xml:79:13-58
104            android:exported="false" >
104-->src\main\AndroidManifest.xml:80:13-37
105            <meta-data
105-->src\main\AndroidManifest.xml:25:13-27:36
106                android:name="android.app.lib_name"
106-->src\main\AndroidManifest.xml:26:17-52
107                android:value="" />
107-->src\main\AndroidManifest.xml:27:17-33
108        </activity>
109        <activity
109-->src\main\AndroidManifest.xml:85:9-91:20
110            android:name="rsMain.SignActivity"
110-->src\main\AndroidManifest.xml:86:13-47
111            android:exported="false" >
111-->src\main\AndroidManifest.xml:87:13-37
112            <meta-data
112-->src\main\AndroidManifest.xml:25:13-27:36
113                android:name="android.app.lib_name"
113-->src\main\AndroidManifest.xml:26:17-52
114                android:value="" />
114-->src\main\AndroidManifest.xml:27:17-33
115        </activity>
116        <activity
116-->src\main\AndroidManifest.xml:92:9-98:20
117            android:name="rsReservas.BookingActivity"
117-->src\main\AndroidManifest.xml:93:13-54
118            android:exported="false" >
118-->src\main\AndroidManifest.xml:94:13-37
119            <meta-data
119-->src\main\AndroidManifest.xml:25:13-27:36
120                android:name="android.app.lib_name"
120-->src\main\AndroidManifest.xml:26:17-52
121                android:value="" />
121-->src\main\AndroidManifest.xml:27:17-33
122        </activity>
123        <!--
124             TODO: Before you run your application, you need a Google Maps API key.
125
126             To get one, follow the directions here:
127
128                https://developers.google.com/maps/documentation/android-sdk/get-api-key
129
130             Once you have your API key (it starts with "AIza"), define a new property in your
131             project's local.properties file (e.g. MAPS_API_KEY=Aiza...), and replace the
132             "YOUR_API_KEY" string in this file with "${MAPS_API_KEY}".
133        -->
134        <meta-data
134-->src\main\AndroidManifest.xml:110:9-112:71
135            android:name="com.google.android.geo.API_KEY"
135-->src\main\AndroidManifest.xml:111:13-58
136            android:value="AIzaSyC8lUmKP3jkfenalk5bZoDnqXHe50zT5Yo" />
136-->src\main\AndroidManifest.xml:112:13-68
137
138        <activity
138-->src\main\AndroidManifest.xml:114:9-117:59
139            android:name="rsHoteles.MapsActivity"
139-->src\main\AndroidManifest.xml:115:13-50
140            android:exported="false"
140-->src\main\AndroidManifest.xml:116:13-37
141            android:label="@string/title_activity_maps" />
141-->src\main\AndroidManifest.xml:117:13-56
142        <activity
142-->src\main\AndroidManifest.xml:118:9-124:20
143            android:name="rsHoteles.ListActivity"
143-->src\main\AndroidManifest.xml:119:13-50
144            android:exported="false" >
144-->src\main\AndroidManifest.xml:120:13-37
145            <meta-data
145-->src\main\AndroidManifest.xml:25:13-27:36
146                android:name="android.app.lib_name"
146-->src\main\AndroidManifest.xml:26:17-52
147                android:value="" />
147-->src\main\AndroidManifest.xml:27:17-33
148        </activity>
149        <activity
149-->src\main\AndroidManifest.xml:125:9-133:20
150            android:name="rsMain.LoginActivity"
150-->src\main\AndroidManifest.xml:126:13-48
151            android:exported="true" >
151-->src\main\AndroidManifest.xml:127:13-36
152            <intent-filter>
152-->src\main\AndroidManifest.xml:128:13-132:29
153                <action android:name="android.intent.action.MAIN" />
153-->src\main\AndroidManifest.xml:129:17-69
153-->src\main\AndroidManifest.xml:129:25-66
154
155                <category android:name="android.intent.category.LAUNCHER" />
155-->src\main\AndroidManifest.xml:131:17-77
155-->src\main\AndroidManifest.xml:131:27-74
156            </intent-filter>
157        </activity>
158        <!-- Needs to be explicitly declared on P+ -->
159        <uses-library
159-->[com.google.android.gms:play-services-maps:18.1.0] AndroidManifest.xml:39:9-41:40
160            android:name="org.apache.http.legacy"
160-->[com.google.android.gms:play-services-maps:18.1.0] AndroidManifest.xml:40:13-50
161            android:required="false" />
161-->[com.google.android.gms:play-services-maps:18.1.0] AndroidManifest.xml:41:13-37
162
163        <activity
163-->[com.google.android.gms:play-services-base:18.0.1] AndroidManifest.xml:20:9-22:45
164            android:name="com.google.android.gms.common.api.GoogleApiActivity"
164-->[com.google.android.gms:play-services-base:18.0.1] AndroidManifest.xml:20:19-85
165            android:exported="false"
165-->[com.google.android.gms:play-services-base:18.0.1] AndroidManifest.xml:22:19-43
166            android:theme="@android:style/Theme.Translucent.NoTitleBar" />
166-->[com.google.android.gms:play-services-base:18.0.1] AndroidManifest.xml:21:19-78
167
168        <meta-data
168-->[com.google.android.gms:play-services-basement:18.0.0] AndroidManifest.xml:21:9-23:69
169            android:name="com.google.android.gms.version"
169-->[com.google.android.gms:play-services-basement:18.0.0] AndroidManifest.xml:22:13-58
170            android:value="@integer/google_play_services_version" />
170-->[com.google.android.gms:play-services-basement:18.0.0] AndroidManifest.xml:23:13-66
171
172        <provider
172-->[androidx.emoji2:emoji2:1.2.0] AndroidManifest.xml:24:9-32:20
173            android:name="androidx.startup.InitializationProvider"
173-->[androidx.emoji2:emoji2:1.2.0] AndroidManifest.xml:25:13-67
174            android:authorities="com.example.roomscout.androidx-startup"
174-->[androidx.emoji2:emoji2:1.2.0] AndroidManifest.xml:26:13-68
175            android:exported="false" >
175-->[androidx.emoji2:emoji2:1.2.0] AndroidManifest.xml:27:13-37
176            <meta-data
176-->[androidx.emoji2:emoji2:1.2.0] AndroidManifest.xml:29:13-31:52
177                android:name="androidx.emoji2.text.EmojiCompatInitializer"
177-->[androidx.emoji2:emoji2:1.2.0] AndroidManifest.xml:30:17-75
178                android:value="androidx.startup" />
178-->[androidx.emoji2:emoji2:1.2.0] AndroidManifest.xml:31:17-49
179            <meta-data
179-->[androidx.lifecycle:lifecycle-process:2.4.1] AndroidManifest.xml:31:13-33:52
180                android:name="androidx.lifecycle.ProcessLifecycleInitializer"
180-->[androidx.lifecycle:lifecycle-process:2.4.1] AndroidManifest.xml:32:17-78
181                android:value="androidx.startup" />
181-->[androidx.lifecycle:lifecycle-process:2.4.1] AndroidManifest.xml:33:17-49
182        </provider>
183    </application>
184
185</manifest>